e:\数据结构课设\qtwidgetsapplication1\x64\debug\vc143.pdb
e:\数据结构课设\qtwidgetsapplication1\x64\debug\qrc_qtwidgetsapplication.obj
e:\数据结构课设\qtwidgetsapplication1\x64\debug\qtwidgetsapplication.obj
e:\数据结构课设\qtwidgetsapplication1\x64\debug\main.obj
e:\数据结构课设\qtwidgetsapplication1\x64\debug\moc_qtwidgetsapplication.obj
e:\数据结构课设\qtwidgetsapplication1\x64\debug\qtwidgetsapplication1.exe
e:\数据结构课设\qtwidgetsapplication1\x64\debug\qtwidgetsapplication1.ilk
e:\数据结构课设\qtwidgetsapplication1\x64\debug\qtwidgetsapplication1.pdb
e:\数据结构课设\qtwidgetsapplication1\x64\debug\moc\moc_qtwidgetsapplication.cpp
e:\数据结构课设\qtwidgetsapplication1\x64\debug\uic\ui_qtwidgetsapplication.h
e:\数据结构课设\qtwidgetsapplication1\x64\debug\rcc\qrc_qtwidgetsapplication.cpp
e:\数据结构课设\qtwidgetsapplication1\x64\debug\qtwidget.839be09a.tlog\cl.command.1.tlog
e:\数据结构课设\qtwidgetsapplication1\x64\debug\qtwidget.839be09a.tlog\cl.read.1.tlog
e:\数据结构课设\qtwidgetsapplication1\x64\debug\qtwidget.839be09a.tlog\cl.write.1.tlog
e:\数据结构课设\qtwidgetsapplication1\x64\debug\qtwidget.839be09a.tlog\link.command.1.tlog
e:\数据结构课设\qtwidgetsapplication1\x64\debug\qtwidget.839be09a.tlog\link.read.1.tlog
e:\数据结构课设\qtwidgetsapplication1\x64\debug\qtwidget.839be09a.tlog\link.write.1.tlog
e:\数据结构课设\qtwidgetsapplication1\x64\debug\qtwidget.839be09a.tlog\moc.read.1u.tlog
e:\数据结构课设\qtwidgetsapplication1\x64\debug\qtwidget.839be09a.tlog\moc.write.1u.tlog
e:\数据结构课设\qtwidgetsapplication1\x64\debug\qtwidget.839be09a.tlog\qtwidgetsapplication1.write.1u.tlog
e:\数据结构课设\qtwidgetsapplication1\x64\debug\qtwidget.839be09a.tlog\rcc.read.1u.tlog
e:\数据结构课设\qtwidgetsapplication1\x64\debug\qtwidget.839be09a.tlog\rcc.write.1u.tlog
e:\数据结构课设\qtwidgetsapplication1\x64\debug\qtwidget.839be09a.tlog\uic.read.1u.tlog
e:\数据结构课设\qtwidgetsapplication1\x64\debug\qtwidget.839be09a.tlog\uic.write.1u.tlog
